生成启动时间为 2016/8/12 21:04:50。
     1>项目“D:\ugforwork\vs2010\第二章\Example17\Example17\Example17.vcxproj”在节点 2 上(build 个目标)。
     1>PrepareForBuild:
         正在创建目录“D:\ugforwork\vs2010\第二章\Example17\Debug\”。
       InitializeBuildStatus:
         正在创建“Debug\Example17.unsuccessfulbuild”，因为已指定“AlwaysCreate”。
       ClCompile:
         D:\Program Files (x86)\Microsoft Visual Studio 10.0\VC\bin\CL.exe /c /ZI /nologo /W3 /WX- /Od /Oy- /D WIN32 /D _WINDOWS /D _DEBUG /D _UNICODE /D UNICODE /D _AFXDLL /Gm /EHsc /RTC1 /MDd /GS /fp:precise /Zc:wchar_t /Zc:forScope /Yc"StdAfx.h" /Fp"Debug\Example17.pch" /Fo"Debug\\" /Fd"Debug\vc100.pdb" /Gd /TP /analyze- /errorReport:prompt stdafx.cpp
         stdafx.cpp
         D:\Program Files (x86)\Microsoft Visual Studio 10.0\VC\bin\CL.exe /c /ZI /nologo /W3 /WX- /Od /Oy- /D WIN32 /D _WINDOWS /D _DEBUG /D _UNICODE /D UNICODE /D _AFXDLL /Gm /EHsc /RTC1 /MDd /GS /fp:precise /Zc:wchar_t /Zc:forScope /Yu"StdAfx.h" /Fp"Debug\Example17.pch" /Fo"Debug\\" /Fd"Debug\vc100.pdb" /Gd /TP /analyze- /errorReport:prompt Example17.cpp Example17Dlg.cpp
         Example17Dlg.cpp
         Example17.cpp
         正在生成代码...
       ResourceCompile:
         C:\Program Files (x86)\Microsoft SDKs\Windows\v7.0A\bin\rc.exe /D _DEBUG /D _UNICODE /D UNICODE /D _AFXDLL /l"0x0804" /IDebug\ /nologo /fo"Debug\Example17.res" Example17.rc 
       ManifestResourceCompile:
         C:\Program Files (x86)\Microsoft SDKs\Windows\v7.0A\bin\rc.exe /nologo /fo"Debug\Example17.exe.embed.manifest.res" Debug\Example17_manifest.rc 
       Link:
         D:\Program Files (x86)\Microsoft Visual Studio 10.0\VC\bin\link.exe /ERRORREPORT:PROMPT /OUT:"D:\ugforwork\vs2010\第二章\Example17\Debug\Example17.exe" /INCREMENTAL /NOLOGO /MANIFEST /ManifestFile:"Debug\Example17.exe.intermediate.manifest" /MANIFESTUAC:"level='asInvoker' uiAccess='false'" /DEBUG /PDB:"D:\ugforwork\vs2010\第二章\Example17\Debug\Example17.pdb" /SUBSYSTEM:WINDOWS /TLBID:1 /ENTRY:"wWinMainCRTStartup" /DYNAMICBASE /NXCOMPAT /IMPLIB:"D:\ugforwork\vs2010\第二章\Example17\Debug\Example17.lib" /MACHINE:X86 Debug\Example17.res
         Debug\Example17.exe.embed.manifest.res
         Debug\Example17.obj
         Debug\Example17Dlg.obj
         Debug\stdafx.obj
       Manifest:
         C:\Program Files (x86)\Microsoft SDKs\Windows\v7.0A\bin\mt.exe /nologo /verbose /out:"Debug\Example17.exe.embed.manifest" /manifest Debug\Example17.exe.intermediate.manifest "D:\Program Files (x86)\Microsoft Visual Studio 10.0\VC\Include\Manifest\dpiaware.manifest"
         C:\Program Files (x86)\Microsoft SDKs\Windows\v7.0A\bin\rc.exe /nologo /fo"Debug\Example17.exe.embed.manifest.res" Debug\Example17_manifest.rc 
       LinkEmbedManifest:
         D:\Program Files (x86)\Microsoft Visual Studio 10.0\VC\bin\link.exe /ERRORREPORT:PROMPT /OUT:"D:\ugforwork\vs2010\第二章\Example17\Debug\Example17.exe" /INCREMENTAL /NOLOGO /MANIFEST /ManifestFile:"Debug\Example17.exe.intermediate.manifest" /MANIFESTUAC:"level='asInvoker' uiAccess='false'" /DEBUG /PDB:"D:\ugforwork\vs2010\第二章\Example17\Debug\Example17.pdb" /SUBSYSTEM:WINDOWS /TLBID:1 /ENTRY:"wWinMainCRTStartup" /DYNAMICBASE /NXCOMPAT /IMPLIB:"D:\ugforwork\vs2010\第二章\Example17\Debug\Example17.lib" /MACHINE:X86 Debug\Example17.res
         Debug\Example17.exe.embed.manifest.res
         Debug\Example17.obj
         Debug\Example17Dlg.obj
         Debug\stdafx.obj
         Example17.vcxproj -> D:\ugforwork\vs2010\第二章\Example17\Debug\Example17.exe
       FinalizeBuildStatus:
         正在删除文件“Debug\Example17.unsuccessfulbuild”。
         正在对“Debug\Example17.lastbuildstate”执行 Touch 任务。
     1>已完成生成项目“D:\ugforwork\vs2010\第二章\Example17\Example17\Example17.vcxproj”(build 个目标)的操作。

生成成功。

已用时间 00:00:06.11
