生成启动时间为 2016/9/26 15:50:59。
     1>项目“D:\ugforwork\vs2010\第四章\newstrct\newstrct\newstrct.vcxproj”在节点 2 上(build 个目标)。
     1>PrepareForBuild:
         正在创建目录“D:\ugforwork\vs2010\第四章\newstrct\Debug\”。
       InitializeBuildStatus:
         正在创建“Debug\newstrct.unsuccessfulbuild”，因为已指定“AlwaysCreate”。
       ClCompile:
         D:\Program Files (x86)\Microsoft Visual Studio 10.0\VC\bin\CL.exe /c /ZI /nologo /W3 /WX- /Od /Oy- /D WIN32 /D _DEBUG /D _CONSOLE /D _UNICODE /D UNICODE /Gm /EHsc /RTC1 /MDd /GS /fp:precise /Zc:wchar_t /Zc:forScope /Fo"Debug\\" /Fd"Debug\vc100.pdb" /Gd /TP /analyze- /errorReport:prompt newstrct.cpp
         newstrct.cpp
       ManifestResourceCompile:
         C:\Program Files (x86)\Microsoft SDKs\Windows\v7.0A\bin\rc.exe /nologo /fo"Debug\newstrct.exe.embed.manifest.res" Debug\newstrct_manifest.rc 
       Link:
         D:\Program Files (x86)\Microsoft Visual Studio 10.0\VC\bin\link.exe /ERRORREPORT:PROMPT /OUT:"D:\ugforwork\vs2010\第四章\newstrct\Debug\newstrct.exe" /INCREMENTAL /NOLOGO kernel32.lib user32.lib gdi32.lib winspool.lib comdlg32.lib advapi32.lib shell32.lib ole32.lib oleaut32.lib uuid.lib odbc32.lib odbccp32.lib /MANIFEST /ManifestFile:"Debug\newstrct.exe.intermediate.manifest" /MANIFESTUAC:"level='asInvoker' uiAccess='false'" /DEBUG /PDB:"D:\ugforwork\vs2010\第四章\newstrct\Debug\newstrct.pdb" /SUBSYSTEM:CONSOLE /TLBID:1 /DYNAMICBASE /NXCOMPAT /IMPLIB:"D:\ugforwork\vs2010\第四章\newstrct\Debug\newstrct.lib" /MACHINE:X86 Debug\newstrct.exe.embed.manifest.res
         Debug\newstrct.obj
       Manifest:
         C:\Program Files (x86)\Microsoft SDKs\Windows\v7.0A\bin\mt.exe /nologo /verbose /out:"Debug\newstrct.exe.embed.manifest" /manifest Debug\newstrct.exe.intermediate.manifest
         C:\Program Files (x86)\Microsoft SDKs\Windows\v7.0A\bin\rc.exe /nologo /fo"Debug\newstrct.exe.embed.manifest.res" Debug\newstrct_manifest.rc 
       LinkEmbedManifest:
         D:\Program Files (x86)\Microsoft Visual Studio 10.0\VC\bin\link.exe /ERRORREPORT:PROMPT /OUT:"D:\ugforwork\vs2010\第四章\newstrct\Debug\newstrct.exe" /INCREMENTAL /NOLOGO kernel32.lib user32.lib gdi32.lib winspool.lib comdlg32.lib advapi32.lib shell32.lib ole32.lib oleaut32.lib uuid.lib odbc32.lib odbccp32.lib /MANIFEST /ManifestFile:"Debug\newstrct.exe.intermediate.manifest" /MANIFESTUAC:"level='asInvoker' uiAccess='false'" /DEBUG /PDB:"D:\ugforwork\vs2010\第四章\newstrct\Debug\newstrct.pdb" /SUBSYSTEM:CONSOLE /TLBID:1 /DYNAMICBASE /NXCOMPAT /IMPLIB:"D:\ugforwork\vs2010\第四章\newstrct\Debug\newstrct.lib" /MACHINE:X86 Debug\newstrct.exe.embed.manifest.res
         Debug\newstrct.obj
         newstrct.vcxproj -> D:\ugforwork\vs2010\第四章\newstrct\Debug\newstrct.exe
       FinalizeBuildStatus:
         正在删除文件“Debug\newstrct.unsuccessfulbuild”。
         正在对“Debug\newstrct.lastbuildstate”执行 Touch 任务。
     1>已完成生成项目“D:\ugforwork\vs2010\第四章\newstrct\newstrct\newstrct.vcxproj”(build 个目标)的操作。

生成成功。

已用时间 00:00:02.70
