生成启动时间为 2016/9/20 22:04:25。
     1>项目“D:\ugforwork\vs2010\第三章\3.7practice\3.7practice\3.7practice.vcxproj”在节点 2 上(build 个目标)。
     1>InitializeBuildStatus:
         正在创建“Debug\3.7practice.unsuccessfulbuild”，因为已指定“AlwaysCreate”。
       ClCompile:
         所有输出均为最新。
         D:\Program Files (x86)\Microsoft Visual Studio 10.0\VC\bin\CL.exe /c /ZI /nologo /W3 /WX- /Od /Oy- /D WIN32 /D _DEBUG /D _CONSOLE /D _UNICODE /D UNICODE /Gm /EHsc /RTC1 /MDd /GS /fp:precise /Zc:wchar_t /Zc:forScope /Yu"StdAfx.h" /Fp"Debug\3.7practice.pch" /Fo"Debug\\" /Fd"Debug\vc100.pdb" /Gd /TP /analyze- /errorReport:prompt 3.7practice.cpp
         3.7practice.cpp
       ManifestResourceCompile:
         所有输出均为最新。
       Link:
         D:\Program Files (x86)\Microsoft Visual Studio 10.0\VC\bin\link.exe /ERRORREPORT:PROMPT /OUT:"D:\ugforwork\vs2010\第三章\3.7practice\Debug\3.7practice.exe" /INCREMENTAL /NOLOGO kernel32.lib user32.lib gdi32.lib winspool.lib comdlg32.lib advapi32.lib shell32.lib ole32.lib oleaut32.lib uuid.lib odbc32.lib odbccp32.lib /MANIFEST /ManifestFile:"Debug\3.7practice.exe.intermediate.manifest" /MANIFESTUAC:"level='asInvoker' uiAccess='false'" /DEBUG /PDB:"D:\ugforwork\vs2010\第三章\3.7practice\Debug\3.7practice.pdb" /SUBSYSTEM:CONSOLE /TLBID:1 /DYNAMICBASE /NXCOMPAT /IMPLIB:"D:\ugforwork\vs2010\第三章\3.7practice\Debug\3.7practice.lib" /MACHINE:X86 Debug\3.7practice.exe.embed.manifest.res
         Debug\3.7practice.obj
         Debug\stdafx.obj
       Manifest:
         C:\Program Files (x86)\Microsoft SDKs\Windows\v7.0A\bin\mt.exe /nologo /verbose /out:"Debug\3.7practice.exe.embed.manifest" /manifest Debug\3.7practice.exe.intermediate.manifest
         所有输出均为最新。
       LinkEmbedManifest:
         所有输出均为最新。
         3.7practice.vcxproj -> D:\ugforwork\vs2010\第三章\3.7practice\Debug\3.7practice.exe
       FinalizeBuildStatus:
         正在删除文件“Debug\3.7practice.unsuccessfulbuild”。
         正在对“Debug\3.7practice.lastbuildstate”执行 Touch 任务。
     1>已完成生成项目“D:\ugforwork\vs2010\第三章\3.7practice\3.7practice\3.7practice.vcxproj”(build 个目标)的操作。

生成成功。

已用时间 00:00:01.22
