生成启动时间为 2016/10/12 14:00:47。
     1>项目“D:\ugforwork\vs2010\第十二章\StringBad\StringBad\StringBad.vcxproj”在节点 2 上(build 个目标)。
     1>InitializeBuildStatus:
         正在对“Debug\StringBad.unsuccessfulbuild”执行 Touch 任务。
       ClCompile:
         D:\Program Files (x86)\Microsoft Visual Studio 10.0\VC\bin\CL.exe /c /ZI /nologo /W3 /WX- /Od /Oy- /D WIN32 /D _DEBUG /D _CONSOLE /D _UNICODE /D UNICODE /Gm /EHsc /RTC1 /MDd /GS /fp:precise /Zc:wchar_t /Zc:forScope /Fo"Debug\\" /Fd"Debug\vc100.pdb" /Gd /TP /analyze- /errorReport:prompt sayings1.cpp string1.cpp
         string1.cpp
     1>d:\ugforwork\vs2010\第十二章\stringbad\stringbad\string1.cpp(21): warning C4996: 'strcpy': This function or variable may be unsafe. Consider using strcpy_s instead. To disable deprecation, use _CRT_SECURE_NO_WARNINGS. See online help for details.
                 d:\program files (x86)\microsoft visual studio 10.0\vc\include\string.h(105) : 参见“strcpy”的声明
     1>d:\ugforwork\vs2010\第十二章\stringbad\stringbad\string1.cpp(38): warning C4996: 'strcpy': This function or variable may be unsafe. Consider using strcpy_s instead. To disable deprecation, use _CRT_SECURE_NO_WARNINGS. See online help for details.
                 d:\program files (x86)\microsoft visual studio 10.0\vc\include\string.h(105) : 参见“strcpy”的声明
     1>d:\ugforwork\vs2010\第十二章\stringbad\stringbad\string1.cpp(59): warning C4996: 'strcpy': This function or variable may be unsafe. Consider using strcpy_s instead. To disable deprecation, use _CRT_SECURE_NO_WARNINGS. See online help for details.
                 d:\program files (x86)\microsoft visual studio 10.0\vc\include\string.h(105) : 参见“strcpy”的声明
     1>d:\ugforwork\vs2010\第十二章\stringbad\stringbad\string1.cpp(69): warning C4996: 'strcpy': This function or variable may be unsafe. Consider using strcpy_s instead. To disable deprecation, use _CRT_SECURE_NO_WARNINGS. See online help for details.
                 d:\program files (x86)\microsoft visual studio 10.0\vc\include\string.h(105) : 参见“strcpy”的声明
         sayings1.cpp
         正在生成代码...
       ManifestResourceCompile:
         所有输出均为最新。
       Link:
         D:\Program Files (x86)\Microsoft Visual Studio 10.0\VC\bin\link.exe /ERRORREPORT:PROMPT /OUT:"D:\ugforwork\vs2010\第十二章\StringBad\Debug\StringBad.exe" /INCREMENTAL /NOLOGO kernel32.lib user32.lib gdi32.lib winspool.lib comdlg32.lib advapi32.lib shell32.lib ole32.lib oleaut32.lib uuid.lib odbc32.lib odbccp32.lib /MANIFEST /ManifestFile:"Debug\StringBad.exe.intermediate.manifest" /MANIFESTUAC:"level='asInvoker' uiAccess='false'" /DEBUG /PDB:"D:\ugforwork\vs2010\第十二章\StringBad\Debug\StringBad.pdb" /SUBSYSTEM:CONSOLE /TLBID:1 /DYNAMICBASE /NXCOMPAT /IMPLIB:"D:\ugforwork\vs2010\第十二章\StringBad\Debug\StringBad.lib" /MACHINE:X86 Debug\StringBad.exe.embed.manifest.res
         Debug\sayings1.obj
         Debug\string1.obj
       Manifest:
         C:\Program Files (x86)\Microsoft SDKs\Windows\v7.0A\bin\mt.exe /nologo /verbose /out:"Debug\StringBad.exe.embed.manifest" /manifest Debug\StringBad.exe.intermediate.manifest
         所有输出均为最新。
       LinkEmbedManifest:
         所有输出均为最新。
         StringBad.vcxproj -> D:\ugforwork\vs2010\第十二章\StringBad\Debug\StringBad.exe
       FinalizeBuildStatus:
         正在删除文件“Debug\StringBad.unsuccessfulbuild”。
         正在对“Debug\StringBad.lastbuildstate”执行 Touch 任务。
     1>已完成生成项目“D:\ugforwork\vs2010\第十二章\StringBad\StringBad\StringBad.vcxproj”(build 个目标)的操作。

生成成功。

已用时间 00:00:02.33
