生成启动时间为 2016/8/14 14:54:29。
     1>项目“D:\ugforwork\vs2010\第二章\Example21\Example21\Example21.vcxproj”在节点 2 上(build 个目标)。
     1>InitializeBuildStatus:
         正在创建“Debug\Example21.unsuccessfulbuild”，因为已指定“AlwaysCreate”。
       ClCompile:
         所有输出均为最新。
         D:\Program Files (x86)\Microsoft Visual Studio 10.0\VC\bin\CL.exe /c /ZI /nologo /W3 /WX- /Od /Oy- /D WIN32 /D _WINDOWS /D _DEBUG /D _UNICODE /D UNICODE /D _AFXDLL /Gm /EHsc /RTC1 /MDd /GS /fp:precise /Zc:wchar_t /Zc:forScope /Yu"StdAfx.h" /Fp"Debug\Example21.pch" /Fo"Debug\\" /Fd"Debug\vc100.pdb" /Gd /TP /analyze- /errorReport:prompt Example21Dlg.cpp
         Example21Dlg.cpp
       ResourceCompile:
         所有输出均为最新。
       ManifestResourceCompile:
         所有输出均为最新。
       Link:
         D:\Program Files (x86)\Microsoft Visual Studio 10.0\VC\bin\link.exe /ERRORREPORT:PROMPT /OUT:"D:\ugforwork\vs2010\第二章\Example21\Debug\Example21.exe" /INCREMENTAL /NOLOGO /MANIFEST /ManifestFile:"Debug\Example21.exe.intermediate.manifest" /MANIFESTUAC:"level='asInvoker' uiAccess='false'" /DEBUG /PDB:"D:\ugforwork\vs2010\第二章\Example21\Debug\Example21.pdb" /SUBSYSTEM:WINDOWS /TLBID:1 /ENTRY:"wWinMainCRTStartup" /DYNAMICBASE /NXCOMPAT /IMPLIB:"D:\ugforwork\vs2010\第二章\Example21\Debug\Example21.lib" /MACHINE:X86 Debug\Example21.res
         Debug\Example21.exe.embed.manifest.res
         Debug\Example21.obj
         Debug\Example21Dlg.obj
         Debug\stdafx.obj
       Manifest:
         C:\Program Files (x86)\Microsoft SDKs\Windows\v7.0A\bin\mt.exe /nologo /verbose /out:"Debug\Example21.exe.embed.manifest" /manifest Debug\Example21.exe.intermediate.manifest "D:\Program Files (x86)\Microsoft Visual Studio 10.0\VC\Include\Manifest\dpiaware.manifest"
         所有输出均为最新。
       LinkEmbedManifest:
         所有输出均为最新。
         Example21.vcxproj -> D:\ugforwork\vs2010\第二章\Example21\Debug\Example21.exe
       FinalizeBuildStatus:
         正在删除文件“Debug\Example21.unsuccessfulbuild”。
         正在对“Debug\Example21.lastbuildstate”执行 Touch 任务。
     1>已完成生成项目“D:\ugforwork\vs2010\第二章\Example21\Example21\Example21.vcxproj”(build 个目标)的操作。

生成成功。

已用时间 00:00:00.89
