生成启动时间为 2016/8/10 18:03:15。
     1>项目“D:\ugforwork\vs2010\第二章\helloworld\helloworld\helloworld.vcxproj”在节点 2 上(build 个目标)。
     1>PrepareForBuild:
         正在创建目录“D:\ugforwork\vs2010\第二章\helloworld\Debug\”。
       InitializeBuildStatus:
         正在创建“Debug\helloworld.unsuccessfulbuild”，因为已指定“AlwaysCreate”。
       ClCompile:
         D:\Program Files (x86)\Microsoft Visual Studio 10.0\VC\bin\CL.exe /c /ZI /nologo /W3 /WX- /Od /Oy- /D WIN32 /D _WINDOWS /D _DEBUG /D _UNICODE /D UNICODE /D _AFXDLL /Gm /EHsc /RTC1 /MDd /GS /fp:precise /Zc:wchar_t /Zc:forScope /Yc"StdAfx.h" /Fp"Debug\helloworld.pch" /Fo"Debug\\" /Fd"Debug\vc100.pdb" /Gd /TP /analyze- /errorReport:prompt stdafx.cpp
         stdafx.cpp
         D:\Program Files (x86)\Microsoft Visual Studio 10.0\VC\bin\CL.exe /c /ZI /nologo /W3 /WX- /Od /Oy- /D WIN32 /D _WINDOWS /D _DEBUG /D _UNICODE /D UNICODE /D _AFXDLL /Gm /EHsc /RTC1 /MDd /GS /fp:precise /Zc:wchar_t /Zc:forScope /Yu"StdAfx.h" /Fp"Debug\helloworld.pch" /Fo"Debug\\" /Fd"Debug\vc100.pdb" /Gd /TP /analyze- /errorReport:prompt ClassView.cpp FileView.cpp helloworld.cpp helloworldDoc.cpp helloworldView.cpp MainFrm.cpp OutputWnd.cpp PropertiesWnd.cpp ViewTree.cpp
         ViewTree.cpp
         PropertiesWnd.cpp
         OutputWnd.cpp
         MainFrm.cpp
         helloworldView.cpp
         helloworldDoc.cpp
         helloworld.cpp
         FileView.cpp
         ClassView.cpp
         正在生成代码...
       ResourceCompile:
         C:\Program Files (x86)\Microsoft SDKs\Windows\v7.0A\bin\rc.exe /D _DEBUG /D _UNICODE /D UNICODE /D _AFXDLL /l"0x0409" /IDebug\ /nologo /fo"Debug\helloworld.res" helloworld.rc 
       ManifestResourceCompile:
         C:\Program Files (x86)\Microsoft SDKs\Windows\v7.0A\bin\rc.exe /nologo /fo"Debug\helloworld.exe.embed.manifest.res" Debug\helloworld_manifest.rc 
       Link:
         D:\Program Files (x86)\Microsoft Visual Studio 10.0\VC\bin\link.exe /ERRORREPORT:PROMPT /OUT:"D:\ugforwork\vs2010\第二章\helloworld\Debug\helloworld.exe" /INCREMENTAL /NOLOGO /MANIFEST /ManifestFile:"Debug\helloworld.exe.intermediate.manifest" /MANIFESTUAC:"level='asInvoker' uiAccess='false'" /DEBUG /PDB:"D:\ugforwork\vs2010\第二章\helloworld\Debug\helloworld.pdb" /SUBSYSTEM:WINDOWS /TLBID:1 /ENTRY:"wWinMainCRTStartup" /DYNAMICBASE /NXCOMPAT /IMPLIB:"D:\ugforwork\vs2010\第二章\helloworld\Debug\helloworld.lib" /MACHINE:X86 Debug\helloworld.res
         Debug\helloworld.exe.embed.manifest.res
         Debug\ClassView.obj
         Debug\FileView.obj
         Debug\helloworld.obj
         Debug\helloworldDoc.obj
         Debug\helloworldView.obj
         Debug\MainFrm.obj
         Debug\OutputWnd.obj
         Debug\PropertiesWnd.obj
         Debug\stdafx.obj
         Debug\ViewTree.obj
       Manifest:
         C:\Program Files (x86)\Microsoft SDKs\Windows\v7.0A\bin\mt.exe /nologo /verbose /out:"Debug\helloworld.exe.embed.manifest" /manifest Debug\helloworld.exe.intermediate.manifest "D:\Program Files (x86)\Microsoft Visual Studio 10.0\VC\Include\Manifest\dpiaware.manifest"
         C:\Program Files (x86)\Microsoft SDKs\Windows\v7.0A\bin\rc.exe /nologo /fo"Debug\helloworld.exe.embed.manifest.res" Debug\helloworld_manifest.rc 
       LinkEmbedManifest:
         D:\Program Files (x86)\Microsoft Visual Studio 10.0\VC\bin\link.exe /ERRORREPORT:PROMPT /OUT:"D:\ugforwork\vs2010\第二章\helloworld\Debug\helloworld.exe" /INCREMENTAL /NOLOGO /MANIFEST /ManifestFile:"Debug\helloworld.exe.intermediate.manifest" /MANIFESTUAC:"level='asInvoker' uiAccess='false'" /DEBUG /PDB:"D:\ugforwork\vs2010\第二章\helloworld\Debug\helloworld.pdb" /SUBSYSTEM:WINDOWS /TLBID:1 /ENTRY:"wWinMainCRTStartup" /DYNAMICBASE /NXCOMPAT /IMPLIB:"D:\ugforwork\vs2010\第二章\helloworld\Debug\helloworld.lib" /MACHINE:X86 Debug\helloworld.res
         Debug\helloworld.exe.embed.manifest.res
         Debug\ClassView.obj
         Debug\FileView.obj
         Debug\helloworld.obj
         Debug\helloworldDoc.obj
         Debug\helloworldView.obj
         Debug\MainFrm.obj
         Debug\OutputWnd.obj
         Debug\PropertiesWnd.obj
         Debug\stdafx.obj
         Debug\ViewTree.obj
         helloworld.vcxproj -> D:\ugforwork\vs2010\第二章\helloworld\Debug\helloworld.exe
       FinalizeBuildStatus:
         正在删除文件“Debug\helloworld.unsuccessfulbuild”。
         正在对“Debug\helloworld.lastbuildstate”执行 Touch 任务。
     1>已完成生成项目“D:\ugforwork\vs2010\第二章\helloworld\helloworld\helloworld.vcxproj”(build 个目标)的操作。

生成成功。

已用时间 00:00:10.42
