生成启动时间为 2016/9/27 17:58:11。
     1>项目“D:\ugforwork\vs2010\第五章\waiting\waiting\waiting.vcxproj”在节点 2 上(build 个目标)。
     1>PrepareForBuild:
         正在创建目录“D:\ugforwork\vs2010\第五章\waiting\Debug\”。
       InitializeBuildStatus:
         正在创建“Debug\waiting.unsuccessfulbuild”，因为已指定“AlwaysCreate”。
       ClCompile:
         D:\Program Files (x86)\Microsoft Visual Studio 10.0\VC\bin\CL.exe /c /ZI /nologo /W3 /WX- /Od /Oy- /D WIN32 /D _DEBUG /D _CONSOLE /D _UNICODE /D UNICODE /Gm /EHsc /RTC1 /MDd /GS /fp:precise /Zc:wchar_t /Zc:forScope /Fo"Debug\\" /Fd"Debug\vc100.pdb" /Gd /TP /analyze- /errorReport:prompt waiting.cpp
         waiting.cpp
     1>d:\ugforwork\vs2010\第五章\waiting\waiting\waiting.cpp(10): warning C4244: “初始化”: 从“float”转换到“clock_t”，可能丢失数据
       ManifestResourceCompile:
         C:\Program Files (x86)\Microsoft SDKs\Windows\v7.0A\bin\rc.exe /nologo /fo"Debug\waiting.exe.embed.manifest.res" Debug\waiting_manifest.rc 
       Link:
         D:\Program Files (x86)\Microsoft Visual Studio 10.0\VC\bin\link.exe /ERRORREPORT:PROMPT /OUT:"D:\ugforwork\vs2010\第五章\waiting\Debug\waiting.exe" /INCREMENTAL /NOLOGO kernel32.lib user32.lib gdi32.lib winspool.lib comdlg32.lib advapi32.lib shell32.lib ole32.lib oleaut32.lib uuid.lib odbc32.lib odbccp32.lib /MANIFEST /ManifestFile:"Debug\waiting.exe.intermediate.manifest" /MANIFESTUAC:"level='asInvoker' uiAccess='false'" /DEBUG /PDB:"D:\ugforwork\vs2010\第五章\waiting\Debug\waiting.pdb" /SUBSYSTEM:CONSOLE /TLBID:1 /DYNAMICBASE /NXCOMPAT /IMPLIB:"D:\ugforwork\vs2010\第五章\waiting\Debug\waiting.lib" /MACHINE:X86 Debug\waiting.exe.embed.manifest.res
         Debug\waiting.obj
       Manifest:
         C:\Program Files (x86)\Microsoft SDKs\Windows\v7.0A\bin\mt.exe /nologo /verbose /out:"Debug\waiting.exe.embed.manifest" /manifest Debug\waiting.exe.intermediate.manifest
         C:\Program Files (x86)\Microsoft SDKs\Windows\v7.0A\bin\rc.exe /nologo /fo"Debug\waiting.exe.embed.manifest.res" Debug\waiting_manifest.rc 
       LinkEmbedManifest:
         D:\Program Files (x86)\Microsoft Visual Studio 10.0\VC\bin\link.exe /ERRORREPORT:PROMPT /OUT:"D:\ugforwork\vs2010\第五章\waiting\Debug\waiting.exe" /INCREMENTAL /NOLOGO kernel32.lib user32.lib gdi32.lib winspool.lib comdlg32.lib advapi32.lib shell32.lib ole32.lib oleaut32.lib uuid.lib odbc32.lib odbccp32.lib /MANIFEST /ManifestFile:"Debug\waiting.exe.intermediate.manifest" /MANIFESTUAC:"level='asInvoker' uiAccess='false'" /DEBUG /PDB:"D:\ugforwork\vs2010\第五章\waiting\Debug\waiting.pdb" /SUBSYSTEM:CONSOLE /TLBID:1 /DYNAMICBASE /NXCOMPAT /IMPLIB:"D:\ugforwork\vs2010\第五章\waiting\Debug\waiting.lib" /MACHINE:X86 Debug\waiting.exe.embed.manifest.res
         Debug\waiting.obj
         waiting.vcxproj -> D:\ugforwork\vs2010\第五章\waiting\Debug\waiting.exe
       FinalizeBuildStatus:
         正在删除文件“Debug\waiting.unsuccessfulbuild”。
         正在对“Debug\waiting.lastbuildstate”执行 Touch 任务。
     1>已完成生成项目“D:\ugforwork\vs2010\第五章\waiting\waiting\waiting.vcxproj”(build 个目标)的操作。

生成成功。

已用时间 00:00:13.68
