生成启动时间为 2016/9/20 13:15:07。
     1>项目“D:\ugforwork\vs2010\第三章\floatnum\floatnum\floatnum.vcxproj”在节点 2 上(build 个目标)。
     1>PrepareForBuild:
         正在创建目录“D:\ugforwork\vs2010\第三章\floatnum\Release\”。
       InitializeBuildStatus:
         正在创建“Release\floatnum.unsuccessfulbuild”，因为已指定“AlwaysCreate”。
       ClCompile:
         D:\Program Files (x86)\Microsoft Visual Studio 10.0\VC\bin\CL.exe /c /Zi /nologo /W3 /WX- /O2 /Oi /Oy- /GL /D WIN32 /D NDEBUG /D _CONSOLE /D _UNICODE /D UNICODE /Gm- /EHsc /MD /GS /Gy /fp:precise /Zc:wchar_t /Zc:forScope /Yc"StdAfx.h" /Fp"Release\floatnum.pch" /Fo"Release\\" /Fd"Release\vc100.pdb" /Gd /TP /analyze- /errorReport:prompt stdafx.cpp
         stdafx.cpp
         D:\Program Files (x86)\Microsoft Visual Studio 10.0\VC\bin\CL.exe /c /Zi /nologo /W3 /WX- /O2 /Oi /Oy- /GL /D WIN32 /D NDEBUG /D _CONSOLE /D _UNICODE /D UNICODE /Gm- /EHsc /MD /GS /Gy /fp:precise /Zc:wchar_t /Zc:forScope /Yu"StdAfx.h" /Fp"Release\floatnum.pch" /Fo"Release\\" /Fd"Release\vc100.pdb" /Gd /TP /analyze- /errorReport:prompt floatnum.cpp
         floatnum.cpp
     1>floatnum.cpp(12): warning C4305: “初始化”: 从“double”到“float”截断
       Link:
         D:\Program Files (x86)\Microsoft Visual Studio 10.0\VC\bin\link.exe /ERRORREPORT:PROMPT /OUT:"D:\ugforwork\vs2010\第三章\floatnum\Release\floatnum.exe" /INCREMENTAL:NO /NOLOGO kernel32.lib user32.lib gdi32.lib winspool.lib comdlg32.lib advapi32.lib shell32.lib ole32.lib oleaut32.lib uuid.lib odbc32.lib odbccp32.lib /MANIFEST /ManifestFile:"Release\floatnum.exe.intermediate.manifest" /MANIFESTUAC:"level='asInvoker' uiAccess='false'" /DEBUG /PDB:"D:\ugforwork\vs2010\第三章\floatnum\Release\floatnum.pdb" /SUBSYSTEM:CONSOLE /OPT:REF /OPT:ICF /LTCG /TLBID:1 /DYNAMICBASE /NXCOMPAT /IMPLIB:"D:\ugforwork\vs2010\第三章\floatnum\Release\floatnum.lib" /MACHINE:X86 Release\floatnum.obj
         Release\stdafx.obj
         正在生成代码
         已完成代码的生成
         floatnum.vcxproj -> D:\ugforwork\vs2010\第三章\floatnum\Release\floatnum.exe
       Manifest:
         C:\Program Files (x86)\Microsoft SDKs\Windows\v7.0A\bin\mt.exe /nologo /verbose /outputresource:"D:\ugforwork\vs2010\第三章\floatnum\Release\floatnum.exe;#1" /manifest Release\floatnum.exe.intermediate.manifest
       FinalizeBuildStatus:
         正在删除文件“Release\floatnum.unsuccessfulbuild”。
         正在对“Release\floatnum.lastbuildstate”执行 Touch 任务。
     1>已完成生成项目“D:\ugforwork\vs2010\第三章\floatnum\floatnum\floatnum.vcxproj”(build 个目标)的操作。

生成成功。

已用时间 00:00:03.62
