  TextQuery.cpp
d:\ugforwork\12-\queryresult\queryresult\textquery.h(6): error C2143: 语法错误: 缺少“;”(在“&”的前面)
d:\ugforwork\12-\queryresult\queryresult\textquery.h(6): error C2433: “ostream”: 不允许在数据声明中使用“friend”
d:\ugforwork\12-\queryresult\queryresult\textquery.h(6): error C4430: 缺少类型说明符 - 假定为 int。注意: C++ 不支持默认 int
d:\ugforwork\12-\queryresult\queryresult\textquery.h(6): error C2238: 意外的标记位于“;”之前
d:\ugforwork\12-\queryresult\queryresult\textquery.h(8): error C2061: 语法错误: 标识符“string”
d:\ugforwork\12-\queryresult\queryresult\textquery.h(12): error C3646: “sought”: 未知重写说明符
d:\ugforwork\12-\queryresult\queryresult\textquery.h(12): error C4430: 缺少类型说明符 - 假定为 int。注意: C++ 不支持默认 int
d:\ugforwork\12-\queryresult\queryresult\textquery.h(13): error C2143: 语法错误: 缺少“;”(在“<”的前面)
d:\ugforwork\12-\queryresult\queryresult\textquery.h(13): error C4430: 缺少类型说明符 - 假定为 int。注意: C++ 不支持默认 int
d:\ugforwork\12-\queryresult\queryresult\textquery.h(13): error C2238: 意外的标记位于“;”之前
d:\ugforwork\12-\queryresult\queryresult\textquery.h(14): error C2143: 语法错误: 缺少“;”(在“<”的前面)
d:\ugforwork\12-\queryresult\queryresult\textquery.h(14): error C4430: 缺少类型说明符 - 假定为 int。注意: C++ 不支持默认 int
d:\ugforwork\12-\queryresult\queryresult\textquery.h(14): error C2238: 意外的标记位于“;”之前
d:\ugforwork\12-\queryresult\queryresult\textquery.h(10): error C2065: “s”: 未声明的标识符
d:\ugforwork\12-\queryresult\queryresult\textquery.h(10): error C2065: “p”: 未声明的标识符
d:\ugforwork\12-\queryresult\queryresult\textquery.h(10): error C2065: “f”: 未声明的标识符
d:\ugforwork\12-\queryresult\queryresult\textquery.h(10): error C2614: “QueryResult”: 非法的成员初始化:“sought”不是基或成员
d:\ugforwork\12-\queryresult\queryresult\textquery.h(10): error C2614: “QueryResult”: 非法的成员初始化:“lines”不是基或成员
d:\ugforwork\12-\queryresult\queryresult\textquery.h(10): error C2614: “QueryResult”: 非法的成员初始化:“file”不是基或成员
d:\ugforwork\12-\queryresult\queryresult\textquery.h(20): error C2061: 语法错误: 标识符“vector”
d:\ugforwork\12-\queryresult\queryresult\textquery.h(20): error C2039: “size_type”: 不是“`global namespace'”的成员
d:\ugforwork\12-\queryresult\queryresult\textquery.h(20): error C2238: 意外的标记位于“;”之前
d:\ugforwork\12-\queryresult\queryresult\textquery.h(21): error C2061: 语法错误: 标识符“ifstream”
d:\ugforwork\12-\queryresult\queryresult\textquery.h(22): error C4430: 缺少类型说明符 - 假定为 int。注意: C++ 不支持默认 int
d:\ugforwork\12-\queryresult\queryresult\textquery.h(22): error C2143: 语法错误: 缺少“,”(在“&”的前面)
d:\ugforwork\12-\queryresult\queryresult\textquery.h(24): error C2143: 语法错误: 缺少“;”(在“<”的前面)
d:\ugforwork\12-\queryresult\queryresult\textquery.h(24): error C4430: 缺少类型说明符 - 假定为 int。注意: C++ 不支持默认 int
d:\ugforwork\12-\queryresult\queryresult\textquery.h(24): error C2238: 意外的标记位于“;”之前
d:\ugforwork\12-\queryresult\queryresult\textquery.h(25): error C2143: 语法错误: 缺少“;”(在“<”的前面)
d:\ugforwork\12-\queryresult\queryresult\textquery.h(25): error C4430: 缺少类型说明符 - 假定为 int。注意: C++ 不支持默认 int
d:\ugforwork\12-\queryresult\queryresult\textquery.h(26): error C2238: 意外的标记位于“;”之前
d:\ugforwork\12-\queryresult\queryresult\textquery.cpp(11): error C2872: “ostream”: 不明确的符号
  d:\ugforwork\12-\queryresult\queryresult\textquery.h(6): note: 可能是“int ostream”
  d:\program files (x86)\visualstudio\vc\include\iosfwd(679): note: 或  “std::ostream”
d:\ugforwork\12-\queryresult\queryresult\textquery.cpp(11): error C2143: 语法错误: 缺少“;”(在“&”的前面)
d:\ugforwork\12-\queryresult\queryresult\textquery.cpp(11): error C4430: 缺少类型说明符 - 假定为 int。注意: C++ 不支持默认 int
d:\ugforwork\12-\queryresult\queryresult\textquery.cpp(11): error C2086: “int ostream”: 重定义
  d:\ugforwork\12-\queryresult\queryresult\textquery.h(6): note: 参见“ostream”的声明
d:\ugforwork\12-\queryresult\queryresult\textquery.cpp(11): error C2065: “os”: 未声明的标识符
d:\ugforwork\12-\queryresult\queryresult\textquery.cpp(11): error C2059: 语法错误:“const”
d:\ugforwork\12-\queryresult\queryresult\textquery.cpp(12): error C2143: 语法错误: 缺少“;”(在“{”的前面)
d:\ugforwork\12-\queryresult\queryresult\textquery.cpp(12): error C2447: “{”: 缺少函数标题(是否是老式的形式表?)
d:\ugforwork\12-\queryresult\queryresult\textquery.cpp(29): error C2511: “TextQuery::TextQuery(std::ifstream &)”:“TextQuery”中没有找到重载的成员函数
  d:\ugforwork\12-\queryresult\queryresult\textquery.h(18): note: 参见“TextQuery”的声明
d:\ugforwork\12-\queryresult\queryresult\textquery.cpp(30): error C2550: “TextQuery::{ctor}”: 构造函数初始值设定项列表只能在构造函数定义中使用
d:\ugforwork\12-\queryresult\queryresult\textquery.cpp(34): error C2065: “file”: 未声明的标识符
d:\ugforwork\12-\queryresult\queryresult\textquery.cpp(34): error C2227: “->push_back”的左边必须指向类/结构/联合/泛型类型
  d:\ugforwork\12-\queryresult\queryresult\textquery.cpp(34): note: 类型是“unknown-type”
d:\ugforwork\12-\queryresult\queryresult\textquery.cpp(35): error C2065: “file”: 未声明的标识符
d:\ugforwork\12-\queryresult\queryresult\textquery.cpp(35): error C2227: “->size”的左边必须指向类/结构/联合/泛型类型
  d:\ugforwork\12-\queryresult\queryresult\textquery.cpp(35): note: 类型是“unknown-type”
d:\ugforwork\12-\queryresult\queryresult\textquery.cpp(36): error C2079: “line”使用未定义的 class“std::basic_istringstream<char,std::char_traits<char>,std::allocator<char>>”
d:\ugforwork\12-\queryresult\queryresult\textquery.cpp(36): error C2440: “初始化”: 无法从“std::string”转换为“int”
  d:\ugforwork\12-\queryresult\queryresult\textquery.cpp(36): note: 没有可用于执行该转换的用户定义的转换运算符，或者无法调用该运算符
d:\ugforwork\12-\queryresult\queryresult\textquery.cpp(38): error C2784: “std::basic_istream<_Elem,_Traits> &std::operator >>(std::basic_istream<_Elem,_Traits> &,std::basic_string<_Elem,_Traits,_Alloc> &)”: 未能从“int”为“std::basic_istream<_Elem,_Traits> &”推导 模板 参数
  d:\program files (x86)\visualstudio\vc\include\string(136): note: 参见“std::operator >>”的声明
d:\ugforwork\12-\queryresult\queryresult\textquery.cpp(38): error C2784: “std::basic_istream<_Elem,_Traits> &std::operator >>(std::basic_istream<_Elem,_Traits> &&,std::basic_string<_Elem,_Traits,_Alloc> &)”: 未能从“int”为“std::basic_istream<_Elem,_Traits> &&”推导 模板 参数
  d:\program files (x86)\visualstudio\vc\include\string(22): note: 参见“std::operator >>”的声明
d:\ugforwork\12-\queryresult\queryresult\textquery.cpp(38): error C2784: “std::basic_istream<_Elem,_Traits> &std::operator >>(std::basic_istream<_Elem,_Traits> &&,_Ty &)”: 未能从“int”为“std::basic_istream<_Elem,_Traits> &&”推导 模板 参数
  d:\program files (x86)\visualstudio\vc\include\istream(1104): note: 参见“std::operator >>”的声明
d:\ugforwork\12-\queryresult\queryresult\textquery.cpp(38): error C2784: “std::basic_istream<char,_Traits> &std::operator >>(std::basic_istream<char,_Traits> &,unsigned char &)”: 未能从“int”为“std::basic_istream<char,_Traits> &”推导 模板 参数
  d:\program files (x86)\visualstudio\vc\include\istream(1094): note: 参见“std::operator >>”的声明
d:\ugforwork\12-\queryresult\queryresult\textquery.cpp(38): error C2784: “std::basic_istream<char,_Traits> &std::operator >>(std::basic_istream<char,_Traits> &,unsigned char *)”: 未能从“int”为“std::basic_istream<char,_Traits> &”推导 模板 参数
  d:\program files (x86)\visualstudio\vc\include\istream(1087): note: 参见“std::operator >>”的声明
d:\ugforwork\12-\queryresult\queryresult\textquery.cpp(38): error C2784: “std::basic_istream<char,_Traits> &std::operator >>(std::basic_istream<char,_Traits> &,signed char &)”: 未能从“int”为“std::basic_istream<char,_Traits> &”推导 模板 参数
  d:\program files (x86)\visualstudio\vc\include\istream(1080): note: 参见“std::operator >>”的声明
d:\ugforwork\12-\queryresult\queryresult\textquery.cpp(38): error C2784: “std::basic_istream<char,_Traits> &std::operator >>(std::basic_istream<char,_Traits> &,signed char *)”: 未能从“int”为“std::basic_istream<char,_Traits> &”推导 模板 参数
  d:\program files (x86)\visualstudio\vc\include\istream(1073): note: 参见“std::operator >>”的声明
d:\ugforwork\12-\queryresult\queryresult\textquery.cpp(38): error C2784: “std::basic_istream<_Elem,_Traits> &std::operator >>(std::basic_istream<_Elem,_Traits> &,_Elem &)”: 未能从“int”为“std::basic_istream<_Elem,_Traits> &”推导 模板 参数
  d:\program files (x86)\visualstudio\vc\include\istream(1048): note: 参见“std::operator >>”的声明
d:\ugforwork\12-\queryresult\queryresult\textquery.cpp(38): error C2784: “std::basic_istream<_Elem,_Traits> &std::operator >>(std::basic_istream<_Elem,_Traits> &,_Elem *)”: 未能从“int”为“std::basic_istream<_Elem,_Traits> &”推导 模板 参数
  d:\program files (x86)\visualstudio\vc\include\istream(1006): note: 参见“std::operator >>”的声明
d:\ugforwork\12-\queryresult\queryresult\textquery.cpp(38): error C2677: 二进制“>>”: 没有找到接受“std::string”类型的全局运算符(或没有可接受的转换)
d:\ugforwork\12-\queryresult\queryresult\textquery.cpp(40): error C2065: “wm”: 未声明的标识符
d:\ugforwork\12-\queryresult\queryresult\textquery.cpp(40): error C2530: “lines”: 必须初始化引用
d:\ugforwork\12-\queryresult\queryresult\textquery.cpp(41): error C3536: “lines”: 初始化之前无法使用
d:\ugforwork\12-\queryresult\queryresult\textquery.cpp(42): error C2228: “.reset”的左边必须有类/结构/联合
  d:\ugforwork\12-\queryresult\queryresult\textquery.cpp(42): note: 类型是“int”
d:\ugforwork\12-\queryresult\queryresult\textquery.cpp(42): error C2065: “line_no”: 未声明的标识符
d:\ugforwork\12-\queryresult\queryresult\textquery.cpp(42): error C2923: “std::set”: 对于参数“_Kty”，“line_no”不是有效的 模板 类型变量
d:\ugforwork\12-\queryresult\queryresult\textquery.cpp(42): error C3203: “less”: 未专用化的 类 模板 不能用作 模板 变量，该变量属于 模板 参数“_Pr”，应为 real 类型
d:\ugforwork\12-\queryresult\queryresult\textquery.cpp(42): error C3203: “allocator”: 未专用化的 类 模板 不能用作 模板 变量，该变量属于 模板 参数“_Alloc”，应为 real 类型
d:\ugforwork\12-\queryresult\queryresult\textquery.cpp(42): error C2512: “std::set”: 没有合适的默认构造函数可用
d:\ugforwork\12-\queryresult\queryresult\textquery.cpp(43): error C2227: “->insert”的左边必须指向类/结构/联合/泛型类型
  d:\ugforwork\12-\queryresult\queryresult\textquery.cpp(43): note: 类型是“int”
d:\ugforwork\12-\queryresult\queryresult\textquery.cpp(50): error C2664: “TextQuery::TextQuery(TextQuery &&)”: 无法将参数 1 从“std::ifstream”转换为“const TextQuery &”
  d:\ugforwork\12-\queryresult\queryresult\textquery.cpp(50): note: 原因如下: 无法从“std::ifstream”转换为“const TextQuery”
  d:\ugforwork\12-\queryresult\queryresult\textquery.cpp(50): note: 没有可用于执行该转换的用户定义的转换运算符，或者无法调用该运算符
d:\ugforwork\12-\queryresult\queryresult\textquery.cpp(57): error C2664: “QueryResult TextQuery::query(const int) const”: 无法将参数 1 从“std::string”转换为“const int”
  d:\ugforwork\12-\queryresult\queryresult\textquery.cpp(57): note: 没有可用于执行该转换的用户定义的转换运算符，或者无法调用该运算符
d:\ugforwork\12-\queryresult\queryresult\textquery.cpp(57): error C3861: “print”: 找不到标识符
d:\ugforwork\12-\queryresult\queryresult\textquery.cpp(57): error C2563: 在形参表中不匹配
d:\ugforwork\12-\queryresult\queryresult\textquery.cpp(57): error C2568: “<<”: 无法解析函数重载
  d:\ugforwork\12-\queryresult\queryresult\textquery.cpp(57): note: 可能是“std::basic_ostream<_Elem,_Traits> &std::endl(std::basic_ostream<_Elem,_Traits> &)”
