生成启动时间为 2016/9/25 14:02:45。
     1>项目“D:\ugforwork\vs2010\第四章\use_new\use_new\use_new.vcxproj”在节点 2 上(build 个目标)。
     1>InitializeBuildStatus:
         正在对“Debug\use_new.unsuccessfulbuild”执行 Touch 任务。
       ClCompile:
         所有输出均为最新。
         D:\Program Files (x86)\Microsoft Visual Studio 10.0\VC\bin\CL.exe /c /ZI /nologo /W3 /WX- /Od /Oy- /D WIN32 /D _DEBUG /D _CONSOLE /D _UNICODE /D UNICODE /Gm /EHsc /RTC1 /MDd /GS /fp:precise /Zc:wchar_t /Zc:forScope /Yu"StdAfx.h" /Fp"Debug\use_new.pch" /Fo"Debug\\" /Fd"Debug\vc100.pdb" /Gd /TP /analyze- /errorReport:prompt use_new.cpp
         use_new.cpp
       ManifestResourceCompile:
         C:\Program Files (x86)\Microsoft SDKs\Windows\v7.0A\bin\rc.exe /nologo /fo"Debug\use_new.exe.embed.manifest.res" Debug\use_new_manifest.rc 
       Link:
         D:\Program Files (x86)\Microsoft Visual Studio 10.0\VC\bin\link.exe /ERRORREPORT:PROMPT /OUT:"D:\ugforwork\vs2010\第四章\use_new\Debug\use_new.exe" /INCREMENTAL /NOLOGO kernel32.lib user32.lib gdi32.lib winspool.lib comdlg32.lib advapi32.lib shell32.lib ole32.lib oleaut32.lib uuid.lib odbc32.lib odbccp32.lib /MANIFEST /ManifestFile:"Debug\use_new.exe.intermediate.manifest" /MANIFESTUAC:"level='asInvoker' uiAccess='false'" /DEBUG /PDB:"D:\ugforwork\vs2010\第四章\use_new\Debug\use_new.pdb" /SUBSYSTEM:CONSOLE /TLBID:1 /DYNAMICBASE /NXCOMPAT /IMPLIB:"D:\ugforwork\vs2010\第四章\use_new\Debug\use_new.lib" /MACHINE:X86 Debug\use_new.exe.embed.manifest.res
         Debug\stdafx.obj
         Debug\use_new.obj
       Manifest:
         C:\Program Files (x86)\Microsoft SDKs\Windows\v7.0A\bin\mt.exe /nologo /verbose /out:"Debug\use_new.exe.embed.manifest" /manifest Debug\use_new.exe.intermediate.manifest
         C:\Program Files (x86)\Microsoft SDKs\Windows\v7.0A\bin\rc.exe /nologo /fo"Debug\use_new.exe.embed.manifest.res" Debug\use_new_manifest.rc 
       LinkEmbedManifest:
         D:\Program Files (x86)\Microsoft Visual Studio 10.0\VC\bin\link.exe /ERRORREPORT:PROMPT /OUT:"D:\ugforwork\vs2010\第四章\use_new\Debug\use_new.exe" /INCREMENTAL /NOLOGO kernel32.lib user32.lib gdi32.lib winspool.lib comdlg32.lib advapi32.lib shell32.lib ole32.lib oleaut32.lib uuid.lib odbc32.lib odbccp32.lib /MANIFEST /ManifestFile:"Debug\use_new.exe.intermediate.manifest" /MANIFESTUAC:"level='asInvoker' uiAccess='false'" /DEBUG /PDB:"D:\ugforwork\vs2010\第四章\use_new\Debug\use_new.pdb" /SUBSYSTEM:CONSOLE /TLBID:1 /DYNAMICBASE /NXCOMPAT /IMPLIB:"D:\ugforwork\vs2010\第四章\use_new\Debug\use_new.lib" /MACHINE:X86 Debug\use_new.exe.embed.manifest.res
         Debug\stdafx.obj
         Debug\use_new.obj
         use_new.vcxproj -> D:\ugforwork\vs2010\第四章\use_new\Debug\use_new.exe
       FinalizeBuildStatus:
         正在删除文件“Debug\use_new.unsuccessfulbuild”。
         正在对“Debug\use_new.lastbuildstate”执行 Touch 任务。
     1>已完成生成项目“D:\ugforwork\vs2010\第四章\use_new\use_new\use_new.vcxproj”(build 个目标)的操作。

生成成功。

已用时间 00:00:01.40
