生成启动时间为 2016/9/20 17:19:18。
     1>项目“D:\ugforwork\vs2010\第三章\typecast\typecast\typecast.vcxproj”在节点 2 上(build 个目标)。
     1>InitializeBuildStatus:
         正在创建“Debug\typecast.unsuccessfulbuild”，因为已指定“AlwaysCreate”。
       ClCompile:
         所有输出均为最新。
         D:\Program Files (x86)\Microsoft Visual Studio 10.0\VC\bin\CL.exe /c /ZI /nologo /W3 /WX- /Od /Oy- /D WIN32 /D _DEBUG /D _CONSOLE /D _UNICODE /D UNICODE /Gm /EHsc /RTC1 /MDd /GS /fp:precise /Zc:wchar_t /Zc:forScope /Yu"StdAfx.h" /Fp"Debug\typecast.pch" /Fo"Debug\\" /Fd"Debug\vc100.pdb" /Gd /TP /analyze- /errorReport:prompt typecast.cpp
         typecast.cpp
     1>d:\ugforwork\vs2010\第三章\typecast\typecast\typecast.cpp(13): warning C4244: “=”: 从“double”转换到“int”，可能丢失数据
       ManifestResourceCompile:
         所有输出均为最新。
       Link:
         D:\Program Files (x86)\Microsoft Visual Studio 10.0\VC\bin\link.exe /ERRORREPORT:PROMPT /OUT:"D:\ugforwork\vs2010\第三章\typecast\Debug\typecast.exe" /INCREMENTAL /NOLOGO kernel32.lib user32.lib gdi32.lib winspool.lib comdlg32.lib advapi32.lib shell32.lib ole32.lib oleaut32.lib uuid.lib odbc32.lib odbccp32.lib /MANIFEST /ManifestFile:"Debug\typecast.exe.intermediate.manifest" /MANIFESTUAC:"level='asInvoker' uiAccess='false'" /DEBUG /PDB:"D:\ugforwork\vs2010\第三章\typecast\Debug\typecast.pdb" /SUBSYSTEM:CONSOLE /TLBID:1 /DYNAMICBASE /NXCOMPAT /IMPLIB:"D:\ugforwork\vs2010\第三章\typecast\Debug\typecast.lib" /MACHINE:X86 Debug\typecast.exe.embed.manifest.res
         Debug\stdafx.obj
         Debug\typecast.obj
       Manifest:
         C:\Program Files (x86)\Microsoft SDKs\Windows\v7.0A\bin\mt.exe /nologo /verbose /out:"Debug\typecast.exe.embed.manifest" /manifest Debug\typecast.exe.intermediate.manifest
         所有输出均为最新。
       LinkEmbedManifest:
         所有输出均为最新。
         typecast.vcxproj -> D:\ugforwork\vs2010\第三章\typecast\Debug\typecast.exe
       FinalizeBuildStatus:
         正在删除文件“Debug\typecast.unsuccessfulbuild”。
         正在对“Debug\typecast.lastbuildstate”执行 Touch 任务。
     1>已完成生成项目“D:\ugforwork\vs2010\第三章\typecast\typecast\typecast.vcxproj”(build 个目标)的操作。

生成成功。

已用时间 00:00:01.23
