D:\UGFORWORK\VS2010\第三章\TYPECAST\DEBUG\TYPECAST.EXE
D:\UGFORWORK\VS2010\第三章\TYPECAST\DEBUG\TYPECAST.ILK
D:\UGFORWORK\VS2010\第三章\TYPECAST\DEBUG\TYPECAST.PDB
D:\ugforwork\vs2010\第三章\typecast\typecast\Debug\cl.command.1.tlog
D:\ugforwork\vs2010\第三章\typecast\typecast\Debug\CL.read.1.tlog
D:\ugforwork\vs2010\第三章\typecast\typecast\Debug\CL.write.1.tlog
D:\ugforwork\vs2010\第三章\typecast\typecast\Debug\link.18376.read.1.tlog
D:\ugforwork\vs2010\第三章\typecast\typecast\Debug\link.18376.write.1.tlog
D:\ugforwork\vs2010\第三章\typecast\typecast\Debug\link.18376-cvtres.read.1.tlog
D:\ugforwork\vs2010\第三章\typecast\typecast\Debug\link.18376-cvtres.write.1.tlog
D:\ugforwork\vs2010\第三章\typecast\typecast\Debug\link.command.1.tlog
D:\ugforwork\vs2010\第三章\typecast\typecast\Debug\link.read.1.tlog
D:\ugforwork\vs2010\第三章\typecast\typecast\Debug\link.write.1.tlog
D:\ugforwork\vs2010\第三章\typecast\typecast\Debug\link-cvtres.read.1.tlog
D:\ugforwork\vs2010\第三章\typecast\typecast\Debug\link-cvtres.write.1.tlog
D:\ugforwork\vs2010\第三章\typecast\typecast\Debug\mt.command.1.tlog
D:\ugforwork\vs2010\第三章\typecast\typecast\Debug\mt.read.1.tlog
D:\ugforwork\vs2010\第三章\typecast\typecast\Debug\mt.write.1.tlog
D:\ugforwork\vs2010\第三章\typecast\typecast\Debug\rc.command.1.tlog
D:\ugforwork\vs2010\第三章\typecast\typecast\Debug\rc.read.1.tlog
D:\ugforwork\vs2010\第三章\typecast\typecast\Debug\rc.write.1.tlog
D:\UGFORWORK\VS2010\第三章\TYPECAST\TYPECAST\DEBUG\STDAFX.OBJ
D:\UGFORWORK\VS2010\第三章\TYPECAST\TYPECAST\DEBUG\TYPECAST.EXE.EMBED.MANIFEST
D:\UGFORWORK\VS2010\第三章\TYPECAST\TYPECAST\DEBUG\TYPECAST.EXE.EMBED.MANIFEST.RES
D:\UGFORWORK\VS2010\第三章\TYPECAST\TYPECAST\DEBUG\TYPECAST.EXE.INTERMEDIATE.MANIFEST
D:\UGFORWORK\VS2010\第三章\TYPECAST\TYPECAST\DEBUG\TYPECAST.OBJ
D:\UGFORWORK\VS2010\第三章\TYPECAST\TYPECAST\DEBUG\TYPECAST.PCH
D:\ugforwork\vs2010\第三章\typecast\typecast\Debug\typecast.write.1.tlog
D:\ugforwork\vs2010\第三章\typecast\typecast\Debug\typecast_manifest.rc
D:\ugforwork\vs2010\第三章\typecast\typecast\Debug\vc100.idb
D:\UGFORWORK\VS2010\第三章\TYPECAST\TYPECAST\DEBUG\VC100.PDB
