生成启动时间为 2016/9/17 10:33:06。
     1>项目“D:\ugforwork\vs2010\Practice\Practice\Practice.vcxproj”在节点 2 上(build 个目标)。
     1>InitializeBuildStatus:
         正在创建“Debug\Practice.unsuccessfulbuild”，因为已指定“AlwaysCreate”。
       ClCompile:
         所有输出均为最新。
         D:\Program Files (x86)\Microsoft Visual Studio 10.0\VC\bin\CL.exe /c /ZI /nologo /W3 /WX- /Od /Oy- /D WIN32 /D _DEBUG /D _CONSOLE /D _UNICODE /D UNICODE /Gm /EHsc /RTC1 /MDd /GS /fp:precise /Zc:wchar_t /Zc:forScope /Yu"StdAfx.h" /Fp"Debug\Practice.pch" /Fo"Debug\\" /Fd"Debug\vc100.pdb" /Gd /TP /analyze- /errorReport:prompt Practice.cpp
         Practice.cpp
       ManifestResourceCompile:
         所有输出均为最新。
       Link:
         D:\Program Files (x86)\Microsoft Visual Studio 10.0\VC\bin\link.exe /ERRORREPORT:PROMPT /OUT:"D:\ugforwork\vs2010\Practice\Debug\Practice.exe" /INCREMENTAL /NOLOGO kernel32.lib user32.lib gdi32.lib winspool.lib comdlg32.lib advapi32.lib shell32.lib ole32.lib oleaut32.lib uuid.lib odbc32.lib odbccp32.lib /MANIFEST /ManifestFile:"Debug\Practice.exe.intermediate.manifest" /MANIFESTUAC:"level='asInvoker' uiAccess='false'" /DEBUG /PDB:"D:\ugforwork\vs2010\Practice\Debug\Practice.pdb" /SUBSYSTEM:CONSOLE /TLBID:1 /DYNAMICBASE /NXCOMPAT /IMPLIB:"D:\ugforwork\vs2010\Practice\Debug\Practice.lib" /MACHINE:X86 Debug\Practice.exe.embed.manifest.res
         Debug\Practice.obj
         Debug\stdafx.obj
       Manifest:
         C:\Program Files (x86)\Microsoft SDKs\Windows\v7.0A\bin\mt.exe /nologo /verbose /out:"Debug\Practice.exe.embed.manifest" /manifest Debug\Practice.exe.intermediate.manifest
         所有输出均为最新。
       LinkEmbedManifest:
         所有输出均为最新。
         Practice.vcxproj -> D:\ugforwork\vs2010\Practice\Debug\Practice.exe
       FinalizeBuildStatus:
         正在删除文件“Debug\Practice.unsuccessfulbuild”。
         正在对“Debug\Practice.lastbuildstate”执行 Touch 任务。
     1>已完成生成项目“D:\ugforwork\vs2010\Practice\Practice\Practice.vcxproj”(build 个目标)的操作。

生成成功。

已用时间 00:00:00.87
